<?xml version="1.0" encoding="UTF-8"?>
<testsuite name="BirdSanctuaryTest" tests="1" skipped="0" failures="0" errors="0" timestamp="2021-06-02T15:34:08" hostname="ADMIN-PC" time="0.044">
  <properties/>
  <testcase name="addMethod()" classname="BirdSanctuaryTest" time="0.044"/>
  <system-out><![CDATA[]]></system-out>
  <system-err><![CDATA[]]></system-err>
</testsuite>
